2019-11-07 19:16:52,293 : INFO : regression.preparation : preparation done!!!
2019-11-07 19:16:52,969 : INFO : regression.processing : processing done!!!
2019-11-07 19:16:52,970 : INFO : __main__ : trained model
2019-11-07 22:53:52,068 : INFO : regression.preparation : preparation done!!!
2019-11-08 00:50:59,025 : INFO : regression.preparation : preparation done!!!
2019-11-08 08:50:46,441 : INFO : src.regression.preparation : preparation done!!!
2019-11-08 08:52:35,969 : INFO : src.regression.preparation : preparation done!!!
2019-11-08 08:52:44,866 : INFO : src.regression.processing : processing done!!!
2019-11-08 08:52:44,867 : INFO : __main__ : trained model
2019-11-08 08:53:27,776 : INFO : src.regression.preparation : preparation done!!!
2019-11-08 08:54:03,871 : INFO : src.regression.preparation : preparation done!!!
2019-11-08 10:23:14,987 : INFO : src.regression.preparation : preparation done!!!
2019-11-08 11:20:18,967 : INFO : src.regression.preparation : preparation done!!!
2019-11-08 15:07:07,424 : INFO : src.regression.preparation : preparation done!!!
2019-11-08 15:07:17,220 : INFO : src.regression.processing : processing done!!!
2019-11-08 15:12:53,824 : INFO : src.regression.preparation : preparation done!!!
2019-11-08 15:12:54,656 : INFO : src.regression.processing : processing done!!!
2019-11-08 15:13:18,796 : INFO : src.regression.preparation : preparation done!!!
2019-11-08 15:13:19,449 : INFO : src.regression.processing : processing done!!!
2019-11-08 15:13:38,452 : INFO : src.regression.preparation : preparation done!!!
2019-11-08 15:13:39,082 : INFO : src.regression.processing : processing done!!!
2019-11-08 15:15:10,668 : INFO : src.regression.preparation : preparation done!!!
2019-11-08 15:15:11,292 : INFO : src.regression.processing : processing done!!!
2019-11-08 15:19:00,329 : INFO : src.regression.preparation : preparation done!!!
2019-11-08 15:19:00,942 : INFO : src.regression.processing : processing done!!!
2019-11-08 15:42:36,553 : INFO : src.regression.preparation : preparation done!!!
2019-11-08 15:42:37,208 : INFO : src.regression.processing : processing done!!!
2019-11-08 15:43:48,836 : INFO : src.regression.preparation : preparation done!!!
2019-11-08 15:43:49,412 : INFO : src.regression.processing : processing done!!!
2019-11-08 15:44:11,024 : INFO : src.regression.preparation : preparation done!!!
2019-11-08 15:44:11,575 : INFO : src.regression.processing : processing done!!!
2019-11-08 15:47:48,161 : INFO : src.regression.preparation : preparation done!!!
2019-11-08 15:47:48,787 : INFO : src.regression.processing : processing done!!!
2019-11-08 15:47:48,788 : INFO : __main__ : trained model
2019-11-08 15:51:10,408 : INFO : src.regression.preparation : preparation done!!!
